2024-12-22 18:57:03,296 [Server thread] WARN Treasure2 | TreasureMetaManager.java:235 | expected to find meta treasure2:structures/mine1.json at ./world/datapacks/treasure2/data/treasure2/meta/structures/mine1.json but it doesn't exist.
2024-12-22 18:57:03,298 [Server thread] WARN Treasure2 | TreasureMetaManager.java:235 | expected to find meta treasure2:structures/obsidian-chamber1.json at ./world/datapacks/treasure2/data/treasure2/meta/structures/obsidian-chamber1.json but it doesn't exist.
2024-12-22 18:57:03,298 [Server thread] WARN Treasure2 | TreasureMetaManager.java:235 | expected to find meta treasure2:structures/pirate-chamber1.json at ./world/datapacks/treasure2/data/treasure2/meta/structures/pirate-chamber1.json but it doesn't exist.
2024-12-22 18:57:03,298 [Server thread] WARN Treasure2 | TreasureMetaManager.java:235 | expected to find meta treasure2:structures/sunken-ship1.json at ./world/datapacks/treasure2/data/treasure2/meta/structures/sunken-ship1.json but it doesn't exist.
2024-12-22 18:57:03,299 [Server thread] WARN Treasure2 | TreasureMetaManager.java:235 | expected to find meta treasure2:structures/sunken-ship2.json at ./world/datapacks/treasure2/data/treasure2/meta/structures/sunken-ship2.json but it doesn't exist.
2024-12-22 18:57:03,299 [Server thread] WARN Treasure2 | TreasureMetaManager.java:235 | expected to find meta treasure2:structures/sunken-ship3.json at ./world/datapacks/treasure2/data/treasure2/meta/structures/sunken-ship3.json but it doesn't exist.
2024-12-22 18:57:03,299 [Server thread] WARN Treasure2 | TreasureMetaManager.java:235 | expected to find meta treasure2:structures/tower1.json at ./world/datapacks/treasure2/data/treasure2/meta/structures/tower1.json but it doesn't exist.
2024-12-22 18:57:03,300 [Server thread] WARN Treasure2 | TreasureMetaManager.java:235 | expected to find meta treasure2:structures/tower2.json at ./world/datapacks/treasure2/data/treasure2/meta/structures/tower2.json but it doesn't exist.
2024-12-22 18:57:03,300 [Server thread] WARN Treasure2 | TreasureMetaManager.java:235 | expected to find meta treasure2:structures/tower3.json at ./world/datapacks/treasure2/data/treasure2/meta/structures/tower3.json but it doesn't exist.
2024-12-22 18:57:03,300 [Server thread] WARN Treasure2 | TreasureMetaManager.java:235 | expected to find meta treasure2:structures/tower4.json at ./world/datapacks/treasure2/data/treasure2/meta/structures/tower4.json but it doesn't exist.
2024-12-22 18:57:03,301 [Server thread] WARN Treasure2 | TreasureMetaManager.java:235 | expected to find meta treasure2:structures/tower5.json at ./world/datapacks/treasure2/data/treasure2/meta/structures/tower5.json but it doesn't exist.
2024-12-22 18:57:03,301 [Server thread] WARN Treasure2 | TreasureMetaManager.java:235 | expected to find meta treasure2:structures/underwater-ruins1.json at ./world/datapacks/treasure2/data/treasure2/meta/structures/underwater-ruins1.json but it doesn't exist.
2024-12-22 18:57:03,302 [Server thread] WARN Treasure2 | TreasureMetaManager.java:235 | expected to find meta treasure2:structures/underwater-ruins2.json at ./world/datapacks/treasure2/data/treasure2/meta/structures/underwater-ruins2.json but it doesn't exist.
2024-12-22 18:57:03,302 [Server thread] WARN Treasure2 | TreasureMetaManager.java:235 | expected to find meta treasure2:structures/underwater-ruins3.json at ./world/datapacks/treasure2/data/treasure2/meta/structures/underwater-ruins3.json but it doesn't exist.
2024-12-22 18:57:03,302 [Server thread] WARN Treasure2 | TreasureMetaManager.java:235 | expected to find meta treasure2:structures/canopy-wishing-well1.json at ./world/datapacks/treasure2/data/treasure2/meta/structures/canopy-wishing-well1.json but it doesn't exist.
2024-12-22 18:57:03,303 [Server thread] WARN Treasure2 | TreasureMetaManager.java:235 | expected to find meta treasure2:structures/desert-wishing-well1.json at ./world/datapacks/treasure2/data/treasure2/meta/structures/desert-wishing-well1.json but it doesn't exist.
2024-12-22 18:57:03,303 [Server thread] WARN Treasure2 | TreasureMetaManager.java:235 | expected to find meta treasure2:structures/desert-wishing-well2.json at ./world/datapacks/treasure2/data/treasure2/meta/structures/desert-wishing-well2.json but it doesn't exist.
2024-12-22 18:57:03,303 [Server thread] WARN Treasure2 | TreasureMetaManager.java:235 | expected to find meta treasure2:structures/simple-well1.json at ./world/datapacks/treasure2/data/treasure2/meta/structures/simple-well1.json but it doesn't exist.
2024-12-22 18:57:03,304 [Server thread] WARN Treasure2 | TreasureMetaManager.java:235 | expected to find meta treasure2:structures/wood-draw-wishing-well1.json at ./world/datapacks/treasure2/data/treasure2/meta/structures/wood-draw-wishing-well1.json but it doesn't exist.
2024-12-22 18:57:03,305 [Server thread] INFO Treasure2 | ITreasureResourceRegistry.java:33 | reading resources file from stream.
2024-12-22 18:57:03,305 [Server thread] INFO Treasure2 | ITreasureResourceRegistry.java:54 | resources -> MetaResources [resources=[submerged/dingy1.nbt, submerged/sunken-ship1.nbt, submerged/sunken-ship2.nbt, submerged/sunken-ship3.nbt, submerged/underwater-ruins1.nbt, submerged/underwater-ruins2.nbt, submerged/underwater-ruins3.nbt, subterranean/basic1.nbt, subterranean/basic2.nbt, subterranean/basic3.nbt, subterranean/basic4.nbt, subterranean/basic5.nbt, subterranean/cave1.nbt, subterranean/cave2.nbt, subterranean/cobb1.nbt, subterranean/crypt1.nbt, subterranean/ionic1.nbt, subterranean/iron-chamber1.nbt, subterranean/iron-chamber2.nbt, subterranean/mine1.nbt, subterranean/obsidian-chamber1.nbt, subterranean/pirate-chamber1.nbt, surface/beached-ship1.nbt, surface/beached-ship2.nbt, surface/beached-ship3.nbt, surface/blacksmith1.nbt, surface/castle1.nbt, surface/church1.nbt, surface/crypt2.nbt, surface/crypt3.nbt, surface/desert-tower2.nbt, surface/fortress1.nbt, surface/house1.nbt, surface/large-tower1.nbt, surface/tower1.nbt, surface/tower2.nbt, surface/tower3.nbt, surface/tower4.nbt, surface/tower5.nbt, wells/canopy-wishing-well1.nbt, wells/desert-wishing-well1.nbt, wells/desert-wishing-well2.nbt, wells/simple-well1.nbt, wells/wood-draw-wishing-well1.nbt], resourceFolderLocations=[submerged, subterranean, surface, wells]]
2024-12-22 18:57:04,948 [Server thread] INFO Treasure2 | WorldEventHandler.java:58 | In world load event
2024-12-22 18:57:04,948 [Server thread] INFO Treasure2 | WorldEventHandler.java:66 | In world load event for dimension minecraft:the_nether
2024-12-22 18:57:04,967 [Server thread] INFO Treasure2 | WorldEventHandler.java:58 | In world load event
2024-12-22 18:57:04,967 [Server thread] INFO Treasure2 | WorldEventHandler.java:66 | In world load event for dimension minecraft:the_end
2024-12-22 18:57:04,973 [Server thread] INFO Treasure2 | WorldEventHandler.java:58 | In world load event
2024-12-22 18:57:04,973 [Server thread] INFO Treasure2 | WorldEventHandler.java:66 | In world load event for dimension bloxys_structures:shadow_dimension
2024-12-22 18:57:04,979 [Server thread] INFO Treasure2 | WorldEventHandler.java:58 | In world load event
2024-12-22 18:57:04,980 [Server thread] INFO Treasure2 | WorldEventHandler.java:66 | In world load event for dimension bloxys_structures:adventure_realm
