[30May2025 00:00:08.927] [Server thread/INFO] [net.minecraft.server.dedicated.DedicatedServer/]: <TAQUIS123> avisas por wa
[30May2025 00:00:15.148] [Server thread/INFO] [net.minecraft.server.dedicated.DedicatedServer/]: <ATT_CANNIVAL> c
[30May2025 00:00:30.475] [Server thread/INFO] [net.minecraftforge.common.AdvancementLoadFix/]: Using new advancement loading for net.minecraft.advancements.PlayerAdvancements@13b68fcc
[30May2025 00:00:30.488] [Server thread/INFO] [net.minecraft.server.management.PlayerList/]: miradafilosa[/127.157.139.158:58943] logged in with entity id 22003 at (-166.30000001192093, 65.0, 77.69712907171741)
[30May2025 00:00:30.496] [Server thread/INFO] [net.minecraft.server.dedicated.DedicatedServer/]: miradafilosa joined the game
[30May2025 00:00:30.496] [Server thread/INFO] [tac/]: PENDING
[30May2025 00:00:30.542] [Server thread/INFO] [ToolLeveling/]: Sending config to client: 'toolleveling:general'
[30May2025 00:00:30.542] [Server thread/INFO] [ToolLeveling/]: Sending config to client: 'toolleveling:item_values'
[30May2025 00:00:30.542] [Server thread/INFO] [ToolLeveling/]: Sending config to client: 'toolleveling:commands'
[30May2025 00:00:34.218] [Server thread/INFO] [com.alrex.parcool.ParCool/]: Limitation of 3db6159c-8813-3b63-a617-36f228374b83 was loaded
[30May2025 00:01:22.486] [Server thread/INFO] [net.minecraft.server.dedicated.DedicatedServer/]: <TAQUIS123> ñavid ayuda en lagranja pe
[30May2025 00:03:01.724] [Server thread/WARN] [net.minecraft.network.play.ServerPlayNetHandler/]: TAQUIS123 moved wrongly!
[30May2025 00:03:05.706] [Server thread/INFO] [net.minecraft.server.dedicated.DedicatedServer/]: TAQUIS123 was slain by Fast infected
[30May2025 00:03:06.864] [Server thread/INFO] [tac/]: PENDING
[30May2025 00:10:00.168] [Server thread/INFO] [net.minecraft.server.dedicated.DedicatedServer/]: [ATT_CANNIVAL: Gave 1 [Affixed Metal] to ATT_CANNIVAL]
[30May2025 00:12:26.867] [Server thread/INFO] [net.minecraft.server.dedicated.DedicatedServer/]: ATT_CANNIVAL has made the advancement [It's Tradin' Time!]
[30May2025 00:13:24.441] [Server thread/INFO] [io.github.lightman314.lightmanscurrency.LightmansCurrency/]: Trader is out of stock.
[30May2025 00:14:19.382] [Server thread/INFO] [io.github.lightman314.lightmanscurrency.LightmansCurrency/]: Trader block was broken by legal means!
[30May2025 00:15:32.041] [Server thread/INFO] [io.github.lightman314.lightmanscurrency.LightmansCurrency/]: Trader block was broken by legal means!
[30May2025 00:16:56.616] [Server thread/INFO] [tac/]: PENDING
[30May2025 00:23:16.059] [Server thread/INFO] [net.minecraft.server.dedicated.DedicatedServer/]: TAQUIS123 was slain by Fast infected
[30May2025 00:23:17.218] [Server thread/INFO] [tac/]: PENDING
